c:\users\finnw\source\repos\graphicsengine\graphicsengine\x64\debug\vc143.pdb
c:\users\finnw\source\repos\graphicsengine\graphicsengine\x64\debug\vc143.idb
c:\users\finnw\source\repos\graphicsengine\graphicsengine\x64\debug\systemclass.obj
c:\users\finnw\source\repos\graphicsengine\graphicsengine\x64\debug\main.obj
c:\users\finnw\source\repos\graphicsengine\graphicsengine\x64\debug\inputclass.obj
c:\users\finnw\source\repos\graphicsengine\graphicsengine\x64\debug\d3dclass.obj
c:\users\finnw\source\repos\graphicsengine\graphicsengine\x64\debug\applicationclass.obj
c:\users\finnw\source\repos\graphicsengine\graphicsengine\x64\debug\modelclass.obj
c:\users\finnw\source\repos\graphicsengine\graphicsengine\x64\debug\colorshaderclass.obj
c:\users\finnw\source\repos\graphicsengine\graphicsengine\x64\debug\cameraclass.obj
c:\users\finnw\source\repos\graphicsengine\graphicsengine\x64\debug\textureclass.obj
c:\users\finnw\source\repos\graphicsengine\graphicsengine\x64\debug\textureshaderclass.obj
c:\users\finnw\source\repos\graphicsengine\graphicsengine\x64\debug\lightclass.obj
c:\users\finnw\source\repos\graphicsengine\graphicsengine\x64\debug\modelparser.obj
c:\users\finnw\source\repos\graphicsengine\graphicsengine\x64\debug\bitmapclass.obj
c:\users\finnw\source\repos\graphicsengine\graphicsengine\x64\debug\timerclass.obj
c:\users\finnw\source\repos\graphicsengine\graphicsengine\x64\debug\textclass.obj
c:\users\finnw\source\repos\graphicsengine\graphicsengine\x64\debug\fontclass.obj
c:\users\finnw\source\repos\graphicsengine\graphicsengine\x64\debug\fpsclass.obj
c:\users\finnw\source\repos\graphicsengine\graphicsengine\x64\debug\gameobjectclass.obj
c:\users\finnw\source\repos\graphicsengine\x64\debug\graphicsengine.exe
c:\users\finnw\source\repos\graphicsengine\graphicsengine\x64\debug\graphicsengine.ilk
c:\users\finnw\source\repos\graphicsengine\x64\debug\graphicsengine.pdb
c:\users\finnw\source\repos\graphicsengine\graphicsengine\x64\debug\graphicsengine.res
c:\users\finnw\source\repos\graphicsengine\graphicsengine\x64\debug\graphicsengine.tlog\cl.command.1.tlog
c:\users\finnw\source\repos\graphicsengine\graphicsengine\x64\debug\graphicsengine.tlog\cl.read.1.tlog
c:\users\finnw\source\repos\graphicsengine\graphicsengine\x64\debug\graphicsengine.tlog\cl.write.1.tlog
c:\users\finnw\source\repos\graphicsengine\graphicsengine\x64\debug\graphicsengine.tlog\link.command.1.tlog
c:\users\finnw\source\repos\graphicsengine\graphicsengine\x64\debug\graphicsengine.tlog\link.read.1.tlog
c:\users\finnw\source\repos\graphicsengine\graphicsengine\x64\debug\graphicsengine.tlog\link.write.1.tlog
c:\users\finnw\source\repos\graphicsengine\graphicsengine\x64\debug\graphicsengine.tlog\rc.command.1.tlog
c:\users\finnw\source\repos\graphicsengine\graphicsengine\x64\debug\graphicsengine.tlog\rc.read.1.tlog
c:\users\finnw\source\repos\graphicsengine\graphicsengine\x64\debug\graphicsengine.tlog\rc.write.1.tlog
